<?xml version="1.0" encoding="UTF-8"?>
<!-- Generated by org.testng.reporters.JUnitReportReporter -->
<testsuite hostname="NHI-PC" failures="0" tests="2" name="com.nopcommerce.user.Level_16_Pattern_Object" time="7.806" errors="0" timestamp="11 Dec 2021 02:21:14 GMT" skipped="0">
  <testcase classname="com.nopcommerce.user.Level_16_Pattern_Object" name="User_01_Register" time="5.585"/>
  <testcase classname="com.nopcommerce.user.Level_16_Pattern_Object" name="User_02_Dynamic_Locator" time="2.221"/>
</testsuite> <!-- com.nopcommerce.user.Level_16_Pattern_Object -->
